timestamp: 2021-05-10T23:50:54.399867
CREATE TABLE "py4web_session"(
    "id" INTEGER PRIMARY KEY AUTOINCREMENT,
    "rkey" CHAR(512),
    "rvalue" TEXT,
    "expiration" INTEGER,
    "created_on" TIMESTAMP,
    "expires_on" TIMESTAMP
);
success!
timestamp: 2021-05-10T23:50:54.402047
CREATE TABLE "auth_user"(
    "id" INTEGER PRIMARY KEY AUTOINCREMENT,
    "email" CHAR(512) UNIQUE,
    "password" CHAR(512),
    "first_name" CHAR(512),
    "last_name" CHAR(512),
    "sso_id" CHAR(512),
    "action_token" CHAR(512),
    "last_password_change" TIMESTAMP,
    "past_passwords_hash" TEXT
);
success!
timestamp: 2021-05-10T23:50:54.402919
CREATE TABLE "auth_user_tag_groups"(
    "id" INTEGER PRIMARY KEY AUTOINCREMENT,
    "path" CHAR(512),
    "record_id" INTEGER REFERENCES "auth_user" ("id") ON DELETE CASCADE  
);
success!
timestamp: 2021-05-16T22:27:40.119511
CREATE TABLE "posts"(
    "id" INTEGER PRIMARY KEY AUTOINCREMENT,
    "add_text" CHAR(512)
);
success!
timestamp: 2021-05-17T15:48:59.887938
ALTER TABLE "posts" ADD "text" CHAR(512);
success!
success!
timestamp: 2021-05-17T20:56:50.980461
CREATE TABLE "post"(
    "id" INTEGER PRIMARY KEY AUTOINCREMENT,
    "text" CHAR(512)
);
success!
timestamp: 2021-05-18T13:33:37.349295
ALTER TABLE "post" ADD "user_email" CHAR(512);
timestamp: 2021-05-18T13:33:37.350714
ALTER TABLE "post" ADD "date" CHAR(512);
timestamp: 2021-05-18T13:33:37.351128
ALTER TABLE "post" ADD "time" CHAR(512);
success!
timestamp: 2021-05-20T00:39:25.411705
ALTER TABLE "post" ADD "thumbs" CHAR(512);
success!
success!
timestamp: 2021-05-20T23:41:34.194159
CREATE TABLE "thumb"(
    "id" INTEGER PRIMARY KEY AUTOINCREMENT,
    "user_email" CHAR(512),
    "post_id" CHAR(512),
    "number" INTEGER
);
success!
success!
success!
success!
success!
success!
success!
success!
success!
success!
success!
timestamp: 2021-05-21T11:57:48.918217
ALTER TABLE "thumb" ADD "user" INTEGER REFERENCES "auth_user" ("id") ON DELETE CASCADE  ;
timestamp: 2021-05-21T11:57:48.919560
ALTER TABLE "thumb" ADD "rating" INTEGER;
success!
success!
success!
success!
success!
success!
success!
success!
success!
success!
success!
success!
success!
success!
success!
success!
success!
success!
success!
success!
success!
success!
success!
success!
success!
success!
success!
timestamp: 2021-05-28T16:55:46.907495
ALTER TABLE "post" ADD "location" CHAR(512);
success!
success!
success!
success!
success!
success!
success!
timestamp: 2021-05-30T23:37:52.308863
ALTER TABLE "post" ADD "user_firstname" CHAR(512);
timestamp: 2021-05-30T23:37:52.310352
ALTER TABLE "post" ADD "user_lastname" CHAR(512);
success!
success!
success!
success!
success!
success!
success!
success!
success!
success!
success!
success!
success!
timestamp: 2021-06-01T22:33:50.169603
ALTER TABLE "post" ADD "tags" CHAR(512);
success!
success!
success!
success!
success!
success!
success!
success!
success!
success!
success!
success!
success!
success!
